<?xml version="1.0" encoding="UTF-8"?>
<!-- Generated by org.testng.reporters.JUnitReportReporter -->
<testsuite skipped="0" hostname="LAPTOP-2B009ES8" name="com.training.sanity.tests.LoginTests" tests="1" failures="0" timestamp="2019-09-23T22:13:44 EDT" time="17.287" errors="0">
  <testcase name="validLoginTest" time="17.287" classname="com.training.sanity.tests.LoginTests"/>
</testsuite> <!-- com.training.sanity.tests.LoginTests -->
