<?xml version="1.0" encoding="UTF-8"?>
<!-- Generated by org.testng.reporters.JUnitReportReporter -->
<testsuite skipped="0" hostname="LAPTOP-2B009ES8" name="com.training.sanity.tests.SearchOrdersTest" tests="2" failures="0" timestamp="2019-09-23T23:18:19 EDT" time="20.450" errors="0">
  <testcase name="validLoginTest" time="15.800" classname="com.training.sanity.tests.SearchOrdersTest"/>
  <testcase name="validSearchOrdersTest" time="4.650" classname="com.training.sanity.tests.SearchOrdersTest"/>
</testsuite> <!-- com.training.sanity.tests.SearchOrdersTest -->
